<?xml version="1.0" encoding="UTF-8"?>
<robot generator="Robot 3.1.2 (Python 3.8.0 on win32)" generated="20200111 18:35:17.599" rpa="false">
<suite id="s1" name="DDT2" source="C:\Users\psing\PycharmProjects\AutomatioRobotFramework\TestCases\DDT2.robot">
<kw name="Open my browser" library="Login_resources" type="setup">
<kw name="Open Browser" library="SeleniumLibrary">
<doc>Opens a new browser instance to the given ``url``.</doc>
<arguments>
<arg>${login url}</arg>
<arg>${BROWSER}</arg>
</arguments>
<msg timestamp="20200111 18:35:17.985" level="INFO">Opening browser 'chrome' to base url 'https://admin-demo.nopcommerce.com'.</msg>
<status status="PASS" starttime="20200111 18:35:17.985" endtime="20200111 18:35:23.147"></status>
</kw>
<kw name="Maximize Browser Window" library="SeleniumLibrary">
<doc>Maximizes current browser window.</doc>
<status status="PASS" starttime="20200111 18:35:23.147" endtime="20200111 18:35:24.282"></status>
</kw>
<status status="PASS" starttime="20200111 18:35:17.984" endtime="20200111 18:35:24.282"></status>
</kw>
<test id="s1-t1" name="Invalid credentials using admi@yourstore.com and admin">
<kw name="Invalid login">
<arguments>
<arg>admi@yourstore.com</arg>
<arg>admin</arg>
</arguments>
<kw name="Input username" library="Login_resources">
<arguments>
<arg>${username}</arg>
</arguments>
<kw name="Input Text" library="SeleniumLibrary">
<doc>Types the given ``text`` into text field identified by ``locator``.</doc>
<arguments>
<arg>id:Email</arg>
<arg>${username}</arg>
</arguments>
<msg timestamp="20200111 18:35:24.288" level="INFO">Typing text 'admi@yourstore.com' into text field 'id:Email'.</msg>
<status status="PASS" starttime="20200111 18:35:24.288" endtime="20200111 18:35:24.469"></status>
</kw>
<status status="PASS" starttime="20200111 18:35:24.287" endtime="20200111 18:35:24.469"></status>
</kw>
<kw name="Input pwd" library="Login_resources">
<arguments>
<arg>${password}</arg>
</arguments>
<kw name="Input Text" library="SeleniumLibrary">
<doc>Types the given ``text`` into text field identified by ``locator``.</doc>
<arguments>
<arg>id:Password</arg>
<arg>${password}</arg>
</arguments>
<msg timestamp="20200111 18:35:24.470" level="INFO">Typing text 'admin' into text field 'id:Password'.</msg>
<status status="PASS" starttime="20200111 18:35:24.470" endtime="20200111 18:35:24.593"></status>
</kw>
<status status="PASS" starttime="20200111 18:35:24.469" endtime="20200111 18:35:24.593"></status>
</kw>
<kw name="click login button" library="Login_resources">
<kw name="Click Element" library="SeleniumLibrary">
<doc>Click element identified by ``locator``.</doc>
<arguments>
<arg>xpath://input[@value='Log in']</arg>
</arguments>
<msg timestamp="20200111 18:35:24.594" level="INFO">Clicking element 'xpath://input[@value='Log in']'.</msg>
<status status="PASS" starttime="20200111 18:35:24.594" endtime="20200111 18:35:25.229"></status>
</kw>
<status status="PASS" starttime="20200111 18:35:24.594" endtime="20200111 18:35:25.230"></status>
</kw>
<kw name="Error message should be visible" library="Login_resources">
<kw name="Page Should Contain" library="SeleniumLibrary">
<doc>Verifies that current page contains ``text``.</doc>
<arguments>
<arg>Login was unsuccessful</arg>
</arguments>
<msg timestamp="20200111 18:35:25.268" level="INFO">Current page contains text 'Login was unsuccessful'.</msg>
<status status="PASS" starttime="20200111 18:35:25.231" endtime="20200111 18:35:25.268"></status>
</kw>
<status status="PASS" starttime="20200111 18:35:25.230" endtime="20200111 18:35:25.268"></status>
</kw>
<status status="PASS" starttime="20200111 18:35:24.287" endtime="20200111 18:35:25.268"></status>
</kw>
<status status="PASS" starttime="20200111 18:35:24.283" endtime="20200111 18:35:25.269" critical="yes"></status>
</test>
<test id="s1-t2" name="Invalid credentials using admin@yourstore.com and admi">
<kw name="Invalid login">
<arguments>
<arg>admin@yourstore.com</arg>
<arg>admi</arg>
</arguments>
<kw name="Input username" library="Login_resources">
<arguments>
<arg>${username}</arg>
</arguments>
<kw name="Input Text" library="SeleniumLibrary">
<doc>Types the given ``text`` into text field identified by ``locator``.</doc>
<arguments>
<arg>id:Email</arg>
<arg>${username}</arg>
</arguments>
<msg timestamp="20200111 18:35:25.275" level="INFO">Typing text 'admin@yourstore.com' into text field 'id:Email'.</msg>
<status status="PASS" starttime="20200111 18:35:25.275" endtime="20200111 18:35:25.485"></status>
</kw>
<status status="PASS" starttime="20200111 18:35:25.274" endtime="20200111 18:35:25.485"></status>
</kw>
<kw name="Input pwd" library="Login_resources">
<arguments>
<arg>${password}</arg>
</arguments>
<kw name="Input Text" library="SeleniumLibrary">
<doc>Types the given ``text`` into text field identified by ``locator``.</doc>
<arguments>
<arg>id:Password</arg>
<arg>${password}</arg>
</arguments>
<msg timestamp="20200111 18:35:25.487" level="INFO">Typing text 'admi' into text field 'id:Password'.</msg>
<status status="PASS" starttime="20200111 18:35:25.486" endtime="20200111 18:35:25.608"></status>
</kw>
<status status="PASS" starttime="20200111 18:35:25.486" endtime="20200111 18:35:25.609"></status>
</kw>
<kw name="click login button" library="Login_resources">
<kw name="Click Element" library="SeleniumLibrary">
<doc>Click element identified by ``locator``.</doc>
<arguments>
<arg>xpath://input[@value='Log in']</arg>
</arguments>
<msg timestamp="20200111 18:35:25.609" level="INFO">Clicking element 'xpath://input[@value='Log in']'.</msg>
<status status="PASS" starttime="20200111 18:35:25.609" endtime="20200111 18:35:26.023"></status>
</kw>
<status status="PASS" starttime="20200111 18:35:25.609" endtime="20200111 18:35:26.024"></status>
</kw>
<kw name="Error message should be visible" library="Login_resources">
<kw name="Page Should Contain" library="SeleniumLibrary">
<doc>Verifies that current page contains ``text``.</doc>
<arguments>
<arg>Login was unsuccessful</arg>
</arguments>
<msg timestamp="20200111 18:35:26.069" level="INFO">Current page contains text 'Login was unsuccessful'.</msg>
<status status="PASS" starttime="20200111 18:35:26.024" endtime="20200111 18:35:26.069"></status>
</kw>
<status status="PASS" starttime="20200111 18:35:26.024" endtime="20200111 18:35:26.069"></status>
</kw>
<status status="PASS" starttime="20200111 18:35:25.273" endtime="20200111 18:35:26.069"></status>
</kw>
<status status="PASS" starttime="20200111 18:35:25.272" endtime="20200111 18:35:26.071" critical="yes"></status>
</test>
<test id="s1-t3" name="Invalid credentials using admin@yourstore.com and admin11">
<kw name="Invalid login">
<arguments>
<arg>admin@yourstore.com</arg>
<arg>admin11</arg>
</arguments>
<kw name="Input username" library="Login_resources">
<arguments>
<arg>${username}</arg>
</arguments>
<kw name="Input Text" library="SeleniumLibrary">
<doc>Types the given ``text`` into text field identified by ``locator``.</doc>
<arguments>
<arg>id:Email</arg>
<arg>${username}</arg>
</arguments>
<msg timestamp="20200111 18:35:26.076" level="INFO">Typing text 'admin@yourstore.com' into text field 'id:Email'.</msg>
<status status="PASS" starttime="20200111 18:35:26.075" endtime="20200111 18:35:26.210"></status>
</kw>
<status status="PASS" starttime="20200111 18:35:26.075" endtime="20200111 18:35:26.211"></status>
</kw>
<kw name="Input pwd" library="Login_resources">
<arguments>
<arg>${password}</arg>
</arguments>
<kw name="Input Text" library="SeleniumLibrary">
<doc>Types the given ``text`` into text field identified by ``locator``.</doc>
<arguments>
<arg>id:Password</arg>
<arg>${password}</arg>
</arguments>
<msg timestamp="20200111 18:35:26.211" level="INFO">Typing text 'admin11' into text field 'id:Password'.</msg>
<status status="PASS" starttime="20200111 18:35:26.211" endtime="20200111 18:35:26.299"></status>
</kw>
<status status="PASS" starttime="20200111 18:35:26.211" endtime="20200111 18:35:26.299"></status>
</kw>
<kw name="click login button" library="Login_resources">
<kw name="Click Element" library="SeleniumLibrary">
<doc>Click element identified by ``locator``.</doc>
<arguments>
<arg>xpath://input[@value='Log in']</arg>
</arguments>
<msg timestamp="20200111 18:35:26.301" level="INFO">Clicking element 'xpath://input[@value='Log in']'.</msg>
<status status="PASS" starttime="20200111 18:35:26.301" endtime="20200111 18:35:26.603"></status>
</kw>
<status status="PASS" starttime="20200111 18:35:26.299" endtime="20200111 18:35:26.604"></status>
</kw>
<kw name="Error message should be visible" library="Login_resources">
<kw name="Page Should Contain" library="SeleniumLibrary">
<doc>Verifies that current page contains ``text``.</doc>
<arguments>
<arg>Login was unsuccessful</arg>
</arguments>
<msg timestamp="20200111 18:35:26.624" level="INFO">Current page contains text 'Login was unsuccessful'.</msg>
<status status="PASS" starttime="20200111 18:35:26.604" endtime="20200111 18:35:26.624"></status>
</kw>
<status status="PASS" starttime="20200111 18:35:26.604" endtime="20200111 18:35:26.624"></status>
</kw>
<status status="PASS" starttime="20200111 18:35:26.074" endtime="20200111 18:35:26.624"></status>
</kw>
<status status="PASS" starttime="20200111 18:35:26.073" endtime="20200111 18:35:26.625" critical="yes"></status>
</test>
<kw name="Close Browsers" library="Login_resources" type="teardown">
<kw name="Close All Browsers" library="SeleniumLibrary">
<doc>Closes all open browsers and resets the browser cache.</doc>
<status status="PASS" starttime="20200111 18:35:26.626" endtime="20200111 18:35:28.810"></status>
</kw>
<status status="PASS" starttime="20200111 18:35:26.626" endtime="20200111 18:35:28.810"></status>
</kw>
<status status="PASS" starttime="20200111 18:35:17.602" endtime="20200111 18:35:28.810"></status>
</suite>
<statistics>
<total>
<stat pass="3" fail="0">Critical Tests</stat>
<stat pass="3" fail="0">All Tests</stat>
</total>
<tag>
</tag>
<suite>
<stat pass="3" fail="0" id="s1" name="DDT2">DDT2</stat>
</suite>
</statistics>
<errors>
</errors>
</robot>
